[2017-04-10 16:26:56,227] [INFO] basehttp : "GET / HTTP/1.1" 200 1471
[2017-04-10 16:26:56,227] [INFO] basehttp : "GET / HTTP/1.1" 200 1471
[2017-04-10 16:26:56,403] [WARNING] basehttp : "GET /favicon.ico HTTP/1.1" 404 3478
[2017-04-10 16:26:56,403] [WARNING] basehttp : "GET /favicon.ico HTTP/1.1" 404 3478
[2017-04-10 16:27:19,726] [INFO] basehttp : "GET /?username=111 HTTP/1.1" 200 1471
[2017-04-10 16:27:19,726] [INFO] basehttp : "GET /?username=111 HTTP/1.1" 200 1471
[2017-04-10 16:27:29,089] [INFO] basehttp : "POST /login_action/ HTTP/1.1" 302 0
[2017-04-10 16:27:29,089] [INFO] basehttp : "POST /login_action/ HTTP/1.1" 302 0
[2017-04-10 16:27:29,139] [INFO] basehttp : "GET /event_manage/ HTTP/1.1" 200 6491
[2017-04-10 16:27:29,139] [INFO] basehttp : "GET /event_manage/ HTTP/1.1" 200 6491
[2019-02-15 16:32:05,745] [INFO] basehttp : "GET / HTTP/1.1" 200 1471
[2019-02-15 16:32:05,745] [INFO] basehttp : "GET / HTTP/1.1" 200 1471
[2019-02-15 16:32:12,911] [INFO] basehttp : "POST /login_action/ HTTP/1.1" 200 1498
[2019-02-15 16:32:12,911] [INFO] basehttp : "POST /login_action/ HTTP/1.1" 200 1498
[2019-02-15 16:33:58,260] [INFO] basehttp : "GET / HTTP/1.1" 200 1471
[2019-02-15 16:33:58,260] [INFO] basehttp : "GET / HTTP/1.1" 200 1471
[2019-02-15 16:34:05,151] [INFO] basehttp : "POST /login_action/ HTTP/1.1" 200 1498
[2019-02-15 16:34:05,151] [INFO] basehttp : "POST /login_action/ HTTP/1.1" 200 1498
[2019-02-15 16:38:48,399] [INFO] basehttp : "POST /login_action/ HTTP/1.1" 200 1497
[2019-02-15 16:38:48,399] [INFO] basehttp : "POST /login_action/ HTTP/1.1" 200 1497
[2019-02-15 16:38:53,918] [INFO] basehttp : "POST /login_action/ HTTP/1.1" 200 1497
[2019-02-15 16:38:53,918] [INFO] basehttp : "POST /login_action/ HTTP/1.1" 200 1497
[2019-02-15 16:39:01,594] [INFO] basehttp : "POST /login_action/ HTTP/1.1" 200 1497
[2019-02-15 16:39:01,594] [INFO] basehttp : "POST /login_action/ HTTP/1.1" 200 1497
[2019-02-15 16:50:28,173] [INFO] basehttp : "POST /login_action/ HTTP/1.1" 200 1498
[2019-02-15 16:50:28,173] [INFO] basehttp : "POST /login_action/ HTTP/1.1" 200 1498
[2019-02-19 14:19:57,162] [INFO] basehttp : "GET / HTTP/1.1" 200 1471
[2019-02-19 14:19:57,162] [INFO] basehttp : "GET / HTTP/1.1" 200 1471
[2019-02-19 14:19:57,261] [WARNING] basehttp : "GET /favicon.ico HTTP/1.1" 404 3504
[2019-02-19 14:19:57,261] [WARNING] basehttp : "GET /favicon.ico HTTP/1.1" 404 3504
[2019-02-19 14:20:06,597] [INFO] basehttp : "POST /login_action/ HTTP/1.1" 200 1498
[2019-02-19 14:20:06,597] [INFO] basehttp : "POST /login_action/ HTTP/1.1" 200 1498
[2019-02-19 14:20:25,797] [INFO] basehttp : "POST /login_action/ HTTP/1.1" 302 0
[2019-02-19 14:20:25,797] [INFO] basehttp : "POST /login_action/ HTTP/1.1" 302 0
[2019-02-19 14:20:25,804] [INFO] basehttp : "GET /event_manage/ HTTP/1.1" 200 3952
[2019-02-19 14:20:25,804] [INFO] basehttp : "GET /event_manage/ HTTP/1.1" 200 3952
[2019-02-19 14:20:32,002] [INFO] basehttp : "GET /guest_manage/ HTTP/1.1" 200 3970
[2019-02-19 14:20:32,002] [INFO] basehttp : "GET /guest_manage/ HTTP/1.1" 200 3970
[2019-02-19 14:20:34,409] [INFO] basehttp : "GET /event_manage/ HTTP/1.1" 200 3952
[2019-02-19 14:20:34,409] [INFO] basehttp : "GET /event_manage/ HTTP/1.1" 200 3952
[2019-02-19 14:20:35,263] [INFO] basehttp : "GET /guest_manage/ HTTP/1.1" 200 3970
[2019-02-19 14:20:35,263] [INFO] basehttp : "GET /guest_manage/ HTTP/1.1" 200 3970
[2019-02-19 14:20:36,122] [INFO] basehttp : "GET /event_manage/ HTTP/1.1" 200 3952
[2019-02-19 14:20:36,122] [INFO] basehttp : "GET /event_manage/ HTTP/1.1" 200 3952
[2019-02-19 14:20:42,428] [INFO] basehttp : "GET /search_name/?name=%E5%B0%8F%E7%B1%B3%E6%89%8B%E6%9C%BA%E5%8F%91%E5%B8%83%E4%BC%9A HTTP/1.1" 200 3536
[2019-02-19 14:20:42,428] [INFO] basehttp : "GET /search_name/?name=%E5%B0%8F%E7%B1%B3%E6%89%8B%E6%9C%BA%E5%8F%91%E5%B8%83%E4%BC%9A HTTP/1.1" 200 3536
[2019-02-19 14:20:52,409] [INFO] basehttp : "GET /search_name/?name= HTTP/1.1" 200 3952
[2019-02-19 14:20:52,409] [INFO] basehttp : "GET /search_name/?name= HTTP/1.1" 200 3952
[2019-02-19 14:21:16,406] [INFO] basehttp : "GET /sign_index/1/ HTTP/1.1" 200 2782
[2019-02-19 14:21:16,406] [INFO] basehttp : "GET /sign_index/1/ HTTP/1.1" 200 2782
[2019-02-19 14:21:31,844] [INFO] basehttp : "POST /sign_index_action/1/ HTTP/1.1" 200 2794
[2019-02-19 14:21:31,844] [INFO] basehttp : "POST /sign_index_action/1/ HTTP/1.1" 200 2794
[2019-02-19 14:22:00,508] [INFO] basehttp : "GET /event_manage/ HTTP/1.1" 200 3952
[2019-02-19 14:22:00,508] [INFO] basehttp : "GET /event_manage/ HTTP/1.1" 200 3952
[2019-02-19 14:22:02,675] [INFO] basehttp : "GET /sign_index2/1/ HTTP/1.1" 200 1531
[2019-02-19 14:22:02,675] [INFO] basehttp : "GET /sign_index2/1/ HTTP/1.1" 200 1531
[2019-02-19 14:22:02,686] [INFO] basehttp : "GET /static/css/draw_results.css HTTP/1.1" 200 10734
[2019-02-19 14:22:02,686] [INFO] basehttp : "GET /static/css/draw_results.css HTTP/1.1" 200 10734
[2019-02-19 14:22:02,686] [INFO] basehttp : "GET /static/js/conference_sign.js HTTP/1.1" 200 4291
[2019-02-19 14:22:02,686] [INFO] basehttp : "GET /static/js/conference_sign.js HTTP/1.1" 200 4291
[2019-02-19 14:22:02,687] [INFO] basehttp : "GET /static/js/jquery-1.10.2.min.js HTTP/1.1" 200 93107
[2019-02-19 14:22:02,687] [INFO] basehttp : "GET /static/js/jquery-1.10.2.min.js HTTP/1.1" 200 93107
[2019-02-19 14:22:02,706] [INFO] basehttp : "GET /static/image/sign/bg-top-center.png HTTP/1.1" 200 2374
[2019-02-19 14:22:02,706] [INFO] basehttp : "GET /static/image/sign/bg-top-center.png HTTP/1.1" 200 2374
[2019-02-19 14:22:02,707] [INFO] basehttp : "GET /static/image/sign/bg-left-center.png HTTP/1.1" 200 1892
[2019-02-19 14:22:02,707] [INFO] basehttp : "GET /static/image/sign/bg-left-center.png HTTP/1.1" 200 1892
[2019-02-19 14:22:02,709] [INFO] basehttp : "GET /static/image/sign/bg.png HTTP/1.1" 200 87176
[2019-02-19 14:22:02,709] [INFO] basehttp : "GET /static/image/sign/bg.png HTTP/1.1" 200 87176
[2019-02-19 14:22:02,711] [INFO] basehttp : "GET /static/image/sign/bg-left-bottom.png HTTP/1.1" 200 57959
[2019-02-19 14:22:02,711] [INFO] basehttp : "GET /static/image/sign/bg-left-bottom.png HTTP/1.1" 200 57959
[2019-02-19 14:22:02,712] [INFO] basehttp : "GET /static/image/sign/cent.png HTTP/1.1" 200 3433
[2019-02-19 14:22:02,712] [INFO] basehttp : "GET /static/image/sign/bg-right-top.png HTTP/1.1" 200 28503
[2019-02-19 14:22:02,712] [INFO] basehttp : "GET /static/image/sign/cent.png HTTP/1.1" 200 3433
[2019-02-19 14:22:02,712] [INFO] basehttp : "GET /static/image/sign/bg-right-top.png HTTP/1.1" 200 28503
[2019-02-19 14:22:02,721] [INFO] basehttp : "GET /static/image/sign/bg-right-bottom.png HTTP/1.1" 200 38413
[2019-02-19 14:22:02,721] [INFO] basehttp : "GET /static/image/sign/bg-right-bottom.png HTTP/1.1" 200 38413
[2019-02-19 14:22:02,777] [INFO] basehttp : "GET /static/image/sign/mx4.ttf HTTP/1.1" 200 8173832
[2019-02-19 14:22:02,777] [INFO] basehttp : "GET /static/image/sign/mx4.ttf HTTP/1.1" 200 8173832
[2019-02-19 14:22:02,841] [INFO] basehttp : "GET /static/image/favicon.ico HTTP/1.1" 200 1029
[2019-02-19 14:22:02,841] [INFO] basehttp : "GET /static/image/favicon.ico HTTP/1.1" 200 1029
[2019-02-19 14:22:12,683] [INFO] basehttp : "GET /guest_manage/ HTTP/1.1" 200 3970
[2019-02-19 14:22:12,683] [INFO] basehttp : "GET /guest_manage/ HTTP/1.1" 200 3970
[2019-02-19 14:22:15,825] [INFO] basehttp : "GET /guest_manage/?page=2 HTTP/1.1" 200 3680
[2019-02-19 14:22:15,825] [INFO] basehttp : "GET /guest_manage/?page=2 HTTP/1.1" 200 3680
[2019-02-19 14:22:17,898] [INFO] basehttp : "GET /guest_manage/?phone=&page=1 HTTP/1.1" 200 3970
[2019-02-19 14:22:17,898] [INFO] basehttp : "GET /guest_manage/?phone=&page=1 HTTP/1.1" 200 3970
[2019-02-19 14:22:19,147] [INFO] basehttp : "GET /guest_manage/?page=2 HTTP/1.1" 200 3680
[2019-02-19 14:22:19,147] [INFO] basehttp : "GET /guest_manage/?page=2 HTTP/1.1" 200 3680
[2019-02-19 14:22:20,900] [INFO] basehttp : "GET /guest_manage/?phone=&page=1 HTTP/1.1" 200 3970
[2019-02-19 14:22:20,900] [INFO] basehttp : "GET /guest_manage/?phone=&page=1 HTTP/1.1" 200 3970
[2019-02-19 14:24:24,083] [INFO] basehttp : "GET /event_manage/ HTTP/1.1" 200 3952
[2019-02-19 14:24:24,083] [INFO] basehttp : "GET /event_manage/ HTTP/1.1" 200 3952
[2019-02-19 14:24:24,679] [INFO] basehttp : "GET /event_manage/ HTTP/1.1" 200 3952
[2019-02-19 14:24:24,679] [INFO] basehttp : "GET /event_manage/ HTTP/1.1" 200 3952
[2019-02-19 14:24:25,253] [INFO] basehttp : "GET /event_manage/ HTTP/1.1" 200 3952
[2019-02-19 14:24:25,253] [INFO] basehttp : "GET /event_manage/ HTTP/1.1" 200 3952
[2019-02-19 14:24:25,873] [INFO] basehttp : "GET /event_manage/ HTTP/1.1" 200 3952
[2019-02-19 14:24:25,873] [INFO] basehttp : "GET /event_manage/ HTTP/1.1" 200 3952
[2019-02-19 14:24:26,445] [INFO] basehttp : "GET /event_manage/ HTTP/1.1" 200 3952
[2019-02-19 14:24:26,445] [INFO] basehttp : "GET /event_manage/ HTTP/1.1" 200 3952
[2019-02-19 14:24:26,846] [INFO] basehttp : "GET /event_manage/ HTTP/1.1" 200 3952
[2019-02-19 14:24:26,846] [INFO] basehttp : "GET /event_manage/ HTTP/1.1" 200 3952
[2019-02-19 14:24:44,519] [INFO] basehttp : "GET /sign_index2/2/ HTTP/1.1" 200 1531
[2019-02-19 14:24:44,519] [INFO] basehttp : "GET /sign_index2/2/ HTTP/1.1" 200 1531
[2019-02-19 14:24:48,219] [INFO] basehttp : "GET /static/image/sign/error.png HTTP/1.1" 200 2983
[2019-02-19 14:24:48,219] [INFO] basehttp : "GET /static/image/sign/error.png HTTP/1.1" 200 2983
[2019-02-19 14:24:48,220] [INFO] basehttp : "GET /static/image/sign/yes.png HTTP/1.1" 200 3260
[2019-02-19 14:24:48,220] [INFO] basehttp : "GET /static/image/sign/yes.png HTTP/1.1" 200 3260
[2019-02-19 14:24:50,223] [INFO] basehttp : "GET /sign_index2/2/ HTTP/1.1" 200 1531
[2019-02-19 14:24:50,223] [INFO] basehttp : "GET /sign_index2/2/ HTTP/1.1" 200 1531
[2019-02-19 14:24:53,297] [INFO] basehttp : "GET /sign_index2/2/ HTTP/1.1" 200 1531
[2019-02-19 14:24:53,297] [INFO] basehttp : "GET /sign_index2/2/ HTTP/1.1" 200 1531
[2019-02-19 14:25:00,158] [INFO] basehttp : "GET /sign_index2/2/ HTTP/1.1" 200 1531
[2019-02-19 14:25:00,158] [INFO] basehttp : "GET /sign_index2/2/ HTTP/1.1" 200 1531
[2019-02-19 14:25:06,933] [INFO] basehttp : "GET /sign_index2/2/ HTTP/1.1" 200 1531
[2019-02-19 14:25:06,933] [INFO] basehttp : "GET /sign_index2/2/ HTTP/1.1" 200 1531
[2019-02-19 14:25:13,196] [INFO] basehttp : "POST /api/user_sign/ HTTP/1.1" 200 49
[2019-02-19 14:25:13,196] [INFO] basehttp : "POST /api/user_sign/ HTTP/1.1" 200 49
[2019-02-19 14:25:13,200] [INFO] basehttp : "GET /static/image/sign/erro_text.png HTTP/1.1" 200 18224
[2019-02-19 14:25:13,200] [INFO] basehttp : "GET /static/image/sign/erro_text.png HTTP/1.1" 200 18224
[2019-02-19 14:25:14,778] [INFO] basehttp : "POST /api/user_sign/ HTTP/1.1" 200 49
[2019-02-19 14:25:14,778] [INFO] basehttp : "POST /api/user_sign/ HTTP/1.1" 200 49
[2019-02-19 14:25:15,205] [INFO] basehttp : "GET /sign_index2/2/ HTTP/1.1" 200 1531
[2019-02-19 14:25:15,205] [INFO] basehttp : "GET /sign_index2/2/ HTTP/1.1" 200 1531
